[     208ms] ReferenceError: sj_be is not defined
    at Object.f [as load] (https://r.bing.com/rp/EbYhjPcYgLzlXDtyL3jnEeG9I5Y.br.js:1:29)
    at Object.u [as wireup] (https://www.bing.com/:6:144)
    at https://r.bing.com/rp/EbYhjPcYgLzlXDtyL3jnEeG9I5Y.br.js:1:850
    at https://r.bing.com/rp/EbYhjPcYgLzlXDtyL3jnEeG9I5Y.br.js:1:889
[     218ms] ReferenceError: _w is not defined
    at https://r.bing.com/rp/GcuM2nW18B_Qg17rQ-hGOpyC7OU.br.js:2:5076
    at https://r.bing.com/rp/GcuM2nW18B_Qg17rQ-hGOpyC7OU.br.js:2:5565
[     223ms] ReferenceError: sj_evt is not defined
    at https://www.bing.com/:8:531
[     872ms] [ERROR] Permissions policy violation: unload is not allowed in this document. @ https://assets.msn.com/bundles/v1/bingHomepage/latest/microsoft.4e0b9032fe3ce039.js:1
[     872ms] [ERROR] Permissions policy violation: unload is not allowed in this document. @ https://assets.msn.com/bundles/v1/bingHomepage/latest/microsoft.4e0b9032fe3ce039.js:1
[    3597ms] [ERROR] Running the JavaScript URL violates the following Content Security Policy directive 'script-src https: 'strict-dynamic' 'report-sample' 'wasm-unsafe-eval' 'nonce-4hnn7vLgutxXnRyp/nCQMfiGf2jXYZovVCObmGmbjAA=''. Either the 'unsafe-inline' keyword, a hash ('sha256-...'), or a nonce ('nonce-...') is required to enable inline execution. Note that hashes do not apply to event handlers, style attributes and javascript: navigations unless the 'unsafe-hashes' keyword is present. The action has been blocked. @ https://www.bing.com/:0
[    8645ms] [WARNING] The resource https://th.bing.com/th?id=ORMS.9fdab0b49ffe5b379f014500d9fabfd2&pid=Wdp&w=612&h=304&qlt=90&c=1&rs=1&dpr=1&p=0 was preloaded using link preload but not used within a few seconds from the window's load event. Please make sure it has an appropriate `as` value and it is preloaded intentionally. @ https://www.bing.com/:0
[    8645ms] [WARNING] The resource https://th.bing.com/th?id=ORMS.ddbf9105e83f1308e7127419c498182f&pid=Wdp&w=612&h=304&qlt=90&c=1&rs=1&dpr=1&p=0 was preloaded using link preload but not used within a few seconds from the window's load event. Please make sure it has an appropriate `as` value and it is preloaded intentionally. @ https://www.bing.com/:0
[    8645ms] [WARNING] The resource https://th.bing.com/th?id=ORMS.e39642b1817fe1c495d8afa73948f13a&pid=Wdp&w=612&h=304&qlt=90&c=1&rs=1&dpr=1&p=0 was preloaded using link preload but not used within a few seconds from the window's load event. Please make sure it has an appropriate `as` value and it is preloaded intentionally. @ https://www.bing.com/:0
[    8645ms] [WARNING] The resource https://img-s-msn-com.akamaized.net/tenant/amp/entityid/AA1Pi9Oi.img?w=612&h=304&q=60&m=6&f=jpg&u=t was preloaded using link preload but not used within a few seconds from the window's load event. Please make sure it has an appropriate `as` value and it is preloaded intentionally. @ https://www.bing.com/:0
[    8645ms] [WARNING] The resource https://th.bing.com/th?id=ORMS.613ed3b6014be07bb364ad5eb8a593d4&pid=Wdp&w=612&h=304&qlt=90&c=1&rs=1&dpr=1&p=0 was preloaded using link preload but not used within a few seconds from the window's load event. Please make sure it has an appropriate `as` value and it is preloaded intentionally. @ https://www.bing.com/:0
[    8645ms] [WARNING] The resource https://th.bing.com/th?id=ORMS.3dc743e3a7e3a8fe189766a16a85e342&pid=Wdp&w=612&h=304&qlt=90&c=1&rs=1&dpr=1&p=0 was preloaded using link preload but not used within a few seconds from the window's load event. Please make sure it has an appropriate `as` value and it is preloaded intentionally. @ https://www.bing.com/:0
[    8645ms] [WARNING] The resource https://th.bing.com/th?id=ORMS.f21ec0dc8335217206ec079558815e55&pid=Wdp&w=612&h=304&qlt=90&c=1&rs=1&dpr=1&p=0 was preloaded using link preload but not used within a few seconds from the window's load event. Please make sure it has an appropriate `as` value and it is preloaded intentionally. @ https://www.bing.com/:0
[    8645ms] [WARNING] The resource https://th.bing.com/th?id=ORMS.4df2640404e1745bf15b894d691e05cb&pid=Wdp&w=612&h=304&qlt=90&c=1&rs=1&dpr=1&p=0 was preloaded using link preload but not used within a few seconds from the window's load event. Please make sure it has an appropriate `as` value and it is preloaded intentionally. @ https://www.bing.com/:0
[    8645ms] [WARNING] The resource https://img-s-msn-com.akamaized.net/tenant/amp/entityid/BBWGQhD?w=16&h=16&q=100&m=6&f=png&u=t was preloaded using link preload but not used within a few seconds from the window's load event. Please make sure it has an appropriate `as` value and it is preloaded intentionally. @ https://www.bing.com/:0
[    8645ms] [WARNING] The resource https://img-s-msn-com.akamaized.net/tenant/amp/entityid/AA23KPyB.img?w=612&h=304&q=60&m=6&f=jpg&x=0&y=0&u=t was preloaded using link preload but not used within a few seconds from the window's load event. Please make sure it has an appropriate `as` value and it is preloaded intentionally. @ https://www.bing.com/:0
[    8645ms] [WARNING] The resource https://th.bing.com/th?id=ORMS.b99ff5cd323a3be76f6ec9f930d45477&pid=Wdp&w=612&h=304&qlt=90&c=1&rs=1&dpr=1&p=0 was preloaded using link preload but not used within a few seconds from the window's load event. Please make sure it has an appropriate `as` value and it is preloaded intentionally. @ https://www.bing.com/:0
[    8645ms] [WARNING] The resource https://th.bing.com/th?id=ORMS.de8b6812d7e7f72203da8ffbf9af2d00&pid=Wdp&w=612&h=304&qlt=90&c=1&rs=1&dpr=1&p=0 was preloaded using link preload but not used within a few seconds from the window's load event. Please make sure it has an appropriate `as` value and it is preloaded intentionally. @ https://www.bing.com/:0
[    8645ms] [WARNING] The resource https://th.bing.com/th?id=ORMS.23ff7e52b2ff2993e5698c9983b1909d&pid=Wdp&w=612&h=304&qlt=90&c=1&rs=1&dpr=1&p=0 was preloaded using link preload but not used within a few seconds from the window's load event. Please make sure it has an appropriate `as` value and it is preloaded intentionally. @ https://www.bing.com/:0
